<?xml version="1.0" encoding="utf-8"?><testsuites name="pytest tests"><testsuite name="pytest" errors="0" failures="0" skipped="0" tests="27" time="5.270" timestamp="2026-04-29T01:39:51.166030+00:00" hostname="agent-env-d5eddf91-bd88-4159-934d-52219fb5eaf5"><testcase classname="tests.test_iteration4_features.TestHealth" name="test_health_returns_healthy" time="0.198" /><testcase classname="tests.test_iteration4_features.TestAuth" name="test_login_with_valid_credentials" time="0.361" /><testcase classname="tests.test_iteration4_features.TestAuth" name="test_login_with_wrong_password_fails" time="0.385" /><testcase classname="tests.test_iteration4_features.TestVideoSearchFilter" name="test_get_videos_returns_list" time="0.449" /><testcase classname="tests.test_iteration4_features.TestVideoSearchFilter" name="test_get_videos_search_param" time="0.123" /><testcase classname="tests.test_iteration4_features.TestVideoSearchFilter" name="test_get_videos_status_filter_ready" time="0.141" /><testcase classname="tests.test_iteration4_features.TestVideoSearchFilter" name="test_get_videos_status_filter_failed" time="0.125" /><testcase classname="tests.test_iteration4_features.TestVideoSearchFilter" name="test_get_videos_sort_oldest" time="0.123" /><testcase classname="tests.test_iteration4_features.TestVideoSearchFilter" name="test_get_videos_sort_newest" time="0.118" /><testcase classname="tests.test_iteration4_features.TestVideoSearchFilter" name="test_get_videos_search_no_match_returns_empty_list" time="0.117" /><testcase classname="tests.test_iteration4_features.TestVideoSearchFilter" name="test_get_videos_requires_auth" time="0.103" /><testcase classname="tests.test_iteration4_features.TestUploadStatus" name="test_upload_status_nonexistent_returns_404" time="0.114" /><testcase classname="tests.test_iteration4_features.TestUploadStatus" name="test_upload_init_creates_session" time="0.138" /><testcase classname="tests.test_iteration4_features.TestUploadStatus" name="test_upload_status_returns_chunks_received" time="0.231" /><testcase classname="tests.test_iteration4_features.TestUploadStatus" name="test_upload_status_requires_auth" time="0.114" /><testcase classname="tests.test_iteration4_features.TestPlayLabWebhook" name="test_get_settings_includes_webhook_fields" time="0.131" /><testcase classname="tests.test_iteration4_features.TestPlayLabWebhook" name="test_patch_webhook_sets_url_and_secret" time="0.115" /><testcase classname="tests.test_iteration4_features.TestPlayLabWebhook" name="test_get_settings_shows_updated_webhook_url" time="0.266" /><testcase classname="tests.test_iteration4_features.TestPlayLabWebhook" name="test_test_webhook_with_no_url_returns_400" time="0.227" /><testcase classname="tests.test_iteration4_features.TestPlayLabWebhook" name="test_test_webhook_with_httpbin_returns_success" time="0.405" /><testcase classname="tests.test_iteration4_features.TestPlayLabWebhook" name="test_patch_webhook_clear_url" time="0.120" /><testcase classname="tests.test_iteration4_features.TestRegression" name="test_auth_routes_still_work" time="0.381" /><testcase classname="tests.test_iteration4_features.TestRegression" name="test_folders_route_still_works" time="0.107" /><testcase classname="tests.test_iteration4_features.TestRegression" name="test_mesh_status_still_works" time="0.114" /><testcase classname="tests.test_iteration4_features.TestRegression" name="test_mesh_nodes_still_works" time="0.109" /><testcase classname="tests.test_iteration4_features.TestRegression" name="test_playlab_videos_still_works" time="0.229" /><testcase classname="tests.test_iteration4_features.TestRegression" name="test_upload_init_still_works" time="0.130" /></testsuite></testsuites>