<?xml version="1.0" encoding="utf-8"?><testsuites name="pytest tests"><testsuite name="pytest" errors="0" failures="0" skipped="0" tests="33" time="6.774" timestamp="2026-04-29T02:02:29.344141+00:00" hostname="agent-env-d5eddf91-bd88-4159-934d-52219fb5eaf5"><testcase classname="backend.tests.test_iteration5_features.TestPlayerSettings" name="test_get_player_settings_returns_defaults" time="0.571" /><testcase classname="backend.tests.test_iteration5_features.TestPlayerSettings" name="test_patch_player_settings_saves_colors" time="0.134" /><testcase classname="backend.tests.test_iteration5_features.TestPlayerSettings" name="test_patch_player_settings_persisted" time="0.243" /><testcase classname="backend.tests.test_iteration5_features.TestPlayerSettings" name="test_viewer_can_read_player_settings" time="0.436" /><testcase classname="backend.tests.test_iteration5_features.TestPlayerSettings" name="test_viewer_cannot_patch_player_settings" time="0.110" /><testcase classname="backend.tests.test_iteration5_features.TestViewerLogin" name="test_viewer_login_returns_role_viewer" time="0.349" /><testcase classname="backend.tests.test_iteration5_features.TestViewerLogin" name="test_admin_login_returns_role_admin" time="0.333" /><testcase classname="backend.tests.test_iteration5_features.TestUserManagement" name="test_admin_can_list_users" time="0.110" /><testcase classname="backend.tests.test_iteration5_features.TestUserManagement" name="test_admin_can_create_viewer_user" time="0.348" /><testcase classname="backend.tests.test_iteration5_features.TestUserManagement" name="test_admin_can_change_user_role" time="0.280" /><testcase classname="backend.tests.test_iteration5_features.TestUserManagement" name="test_admin_can_deactivate_user" time="0.227" /><testcase classname="backend.tests.test_iteration5_features.TestUserManagement" name="test_admin_can_delete_user" time="0.264" /><testcase classname="backend.tests.test_iteration5_features.TestUserManagement" name="test_admin_cannot_delete_self" time="0.259" /><testcase classname="backend.tests.test_iteration5_features.TestUserManagement" name="test_admin_cannot_deactivate_self" time="0.235" /><testcase classname="backend.tests.test_iteration5_features.TestUserManagement" name="test_invalid_role_rejected" time="0.109" /><testcase classname="backend.tests.test_iteration5_features.TestUserManagement" name="test_duplicate_username_rejected" time="0.118" /><testcase classname="backend.tests.test_iteration5_features.TestViewerPermissions" name="test_viewer_cannot_list_users" time="0.135" /><testcase classname="backend.tests.test_iteration5_features.TestViewerPermissions" name="test_viewer_cannot_upload_init" time="0.130" /><testcase classname="backend.tests.test_iteration5_features.TestViewerPermissions" name="test_viewer_cannot_delete_video" time="0.244" /><testcase classname="backend.tests.test_iteration5_features.TestViewerPermissions" name="test_viewer_can_list_videos" time="0.108" /><testcase classname="backend.tests.test_iteration5_features.TestViewerPermissions" name="test_admin_can_still_list_users" time="0.113" /><testcase classname="backend.tests.test_iteration5_features.TestPlayLabImport" name="test_import_empty_array_returns_400" time="0.122" /><testcase classname="backend.tests.test_iteration5_features.TestPlayLabImport" name="test_import_valid_array_creates_records" time="0.121" /><testcase classname="backend.tests.test_iteration5_features.TestPlayLabImport" name="test_imported_videos_appear_in_library" time="0.137" /><testcase classname="backend.tests.test_iteration5_features.TestPlayLabImport" name="test_import_returns_video_ids_and_titles" time="0.227" /><testcase classname="backend.tests.test_iteration5_features.TestPlayLabImport" name="test_viewer_cannot_import" time="0.141" /><testcase classname="backend.tests.test_iteration5_features.TestPlayLabImport" name="test_import_max_exceeded_returns_400" time="0.121" /><testcase classname="backend.tests.test_iteration5_features.TestPlayLabImport" name="test_cleanup_imported_videos" time="0.355" /><testcase classname="backend.tests.test_iteration5_features.TestRegression" name="test_health_check" time="0.105" /><testcase classname="backend.tests.test_iteration5_features.TestRegression" name="test_videos_list_authenticated" time="0.137" /><testcase classname="backend.tests.test_iteration5_features.TestRegression" name="test_videos_list_unauthenticated" time="0.128" /><testcase classname="backend.tests.test_iteration5_features.TestRegression" name="test_folders_endpoint" time="0.125" /><testcase classname="backend.tests.test_iteration5_features.TestRegression" name="test_playlab_settings" time="0.106" /></testsuite></testsuites>