<?xml version="1.0" encoding="utf-8"?><testsuites name="pytest tests"><testsuite name="pytest" errors="0" failures="0" skipped="0" tests="13" time="6.475" timestamp="2026-04-29T02:25:32.221756+00:00" hostname="agent-env-d5eddf91-bd88-4159-934d-52219fb5eaf5"><testcase classname="tests.test_transcoding_presets.TestGetTranscodingSettings" name="test_admin_get_returns_presets" time="0.601" /><testcase classname="tests.test_transcoding_presets.TestGetTranscodingSettings" name="test_viewer_get_returns_presets" time="0.445" /><testcase classname="tests.test_transcoding_presets.TestPatchTranscodingSettings" name="test_admin_patch_to_720p_persists" time="0.230" /><testcase classname="tests.test_transcoding_presets.TestPatchTranscodingSettings" name="test_admin_patch_invalid_preset_400" time="0.136" /><testcase classname="tests.test_transcoding_presets.TestPatchTranscodingSettings" name="test_viewer_patch_forbidden" time="0.124" /><testcase classname="tests.test_transcoding_presets.TestUploadWithPreset" name="test_upload_records_preset_480p" time="1.315" /><testcase classname="tests.test_transcoding_presets.TestUploadWithPreset" name="test_upload_invalid_preset_400" time="0.787" /><testcase classname="tests.test_transcoding_presets.TestUploadWithPreset" name="test_chunked_upload_init_records_preset" time="0.240" /><testcase classname="tests.test_transcoding_presets.TestReprocess" name="test_reprocess_ok" time="1.748" /><testcase classname="tests.test_transcoding_presets.TestReprocess" name="test_reprocess_404" time="0.117" /><testcase classname="tests.test_transcoding_presets.TestReprocess" name="test_reprocess_invalid_preset_400" time="0.113" /><testcase classname="tests.test_transcoding_presets.TestReprocess" name="test_reprocess_viewer_forbidden" time="0.109" /><testcase classname="tests.test_transcoding_presets" name="test_zz_reset_default_preset_to_source" time="0.448" /></testsuite></testsuites>