<?xml version="1.0" encoding="utf-8"?><testsuites name="pytest tests"><testsuite name="pytest" errors="0" failures="0" skipped="0" tests="23" time="2.881" timestamp="2026-04-29T00:22:54.439764+00:00" hostname="agent-env-d5eddf91-bd88-4159-934d-52219fb5eaf5"><testcase classname="backend.tests.test_mesh_playlab.TestHealth" name="test_health_ok" time="0.145" /><testcase classname="backend.tests.test_mesh_playlab.TestMeshStatus" name="test_mesh_status_returns_storage_stats" time="0.127" /><testcase classname="backend.tests.test_mesh_playlab.TestMeshNodes" name="test_get_mesh_nodes_structure" time="0.466" /><testcase classname="backend.tests.test_mesh_playlab.TestMeshNodes" name="test_get_mesh_nodes_no_auth_returns_401" time="0.110" /><testcase classname="backend.tests.test_mesh_playlab.TestMeshNodes" name="test_add_mesh_node" time="0.123" /><testcase classname="backend.tests.test_mesh_playlab.TestMeshNodes" name="test_add_duplicate_node_returns_400" time="0.049" /><testcase classname="backend.tests.test_mesh_playlab.TestMeshNodes" name="test_ping_mesh_node" time="0.090" /><testcase classname="backend.tests.test_mesh_playlab.TestMeshNodes" name="test_ping_nonexistent_node_returns_404" time="0.053" /><testcase classname="backend.tests.test_mesh_playlab.TestMeshNodes" name="test_delete_mesh_node" time="0.046" /><testcase classname="backend.tests.test_mesh_playlab.TestMeshNodes" name="test_delete_nonexistent_node_returns_404" time="0.056" /><testcase classname="backend.tests.test_mesh_playlab.TestMeshNodes" name="test_node_not_in_list_after_delete" time="0.050" /><testcase classname="backend.tests.test_mesh_playlab.TestPlayLabSettings" name="test_get_playlab_settings" time="0.051" /><testcase classname="backend.tests.test_mesh_playlab.TestPlayLabSettings" name="test_regenerate_playlab_key" time="0.055" /><testcase classname="backend.tests.test_mesh_playlab.TestPlayLabSettings" name="test_patch_playlab_disabled" time="0.051" /><testcase classname="backend.tests.test_mesh_playlab.TestPlayLabSettings" name="test_patch_playlab_enabled" time="0.048" /><testcase classname="backend.tests.test_mesh_playlab.TestPlayLabVideos" name="test_get_videos_without_key_returns_401" time="0.115" /><testcase classname="backend.tests.test_mesh_playlab.TestPlayLabVideos" name="test_get_videos_with_wrong_key_returns_403" time="0.130" /><testcase classname="backend.tests.test_mesh_playlab.TestPlayLabVideos" name="test_get_videos_with_valid_key" time="0.273" /><testcase classname="backend.tests.test_mesh_playlab.TestPlayLabVideos" name="test_get_videos_via_query_param" time="0.182" /><testcase classname="backend.tests.test_mesh_playlab.TestPlayLabVideos" name="test_get_videos_when_disabled_returns_403" time="0.261" /><testcase classname="backend.tests.test_mesh_playlab.TestPlayLabVideoDetail" name="test_get_video_detail_nonexistent_returns_404" time="0.156" /><testcase classname="backend.tests.test_mesh_playlab.TestRegression" name="test_videos_list_still_works" time="0.047" /><testcase classname="backend.tests.test_mesh_playlab.TestRegression" name="test_upload_init_still_works" time="0.111" /></testsuite></testsuites>