<?xml version="1.0" encoding="utf-8"?><testsuites name="pytest tests"><testsuite name="pytest" errors="0" failures="0" skipped="0" tests="10" time="5.484" timestamp="2026-04-28T23:46:33.269647+00:00" hostname="agent-env-d5eddf91-bd88-4159-934d-52219fb5eaf5"><testcase classname="backend.tests.test_chunked_upload.TestHealth" name="test_health_returns_healthy" time="0.325" /><testcase classname="backend.tests.test_chunked_upload.TestAuth" name="test_login_with_original_or_new_password" time="0.372" /><testcase classname="backend.tests.test_chunked_upload.TestAuth" name="test_login_invalid_credentials_rejected" time="0.360" /><testcase classname="backend.tests.test_chunked_upload.TestAuth" name="test_full_login_flow_with_password_change_if_needed" time="1.267" /><testcase classname="backend.tests.test_chunked_upload.TestChunkedUpload" name="test_upload_init_returns_ids" time="0.823" /><testcase classname="backend.tests.test_chunked_upload.TestChunkedUpload" name="test_full_chunked_upload_flow" time="0.976" /><testcase classname="backend.tests.test_chunked_upload.TestChunkedUpload" name="test_chunk_upload_session_not_found" time="0.140" /><testcase classname="backend.tests.test_chunked_upload.TestChunkedUpload" name="test_upload_requires_auth" time="0.107" /><testcase classname="backend.tests.test_chunked_upload.TestVideoLibrary" name="test_get_videos_list" time="0.875" /><testcase classname="backend.tests.test_chunked_upload.TestVideoLibrary" name="test_get_nonexistent_video_returns_404" time="0.124" /></testsuite></testsuites>