<?xml version="1.0" encoding="utf-8"?><testsuites name="pytest tests"><testsuite name="pytest" errors="0" failures="0" skipped="0" tests="8" time="95.194" timestamp="2026-04-29T03:03:42.413323+00:00" hostname="agent-env-d5eddf91-bd88-4159-934d-52219fb5eaf5"><testcase classname="backend.tests.test_rate_limit.TestLoginRateLimit" name="test_login_429_after_10_attempts" time="39.839" /><testcase classname="backend.tests.test_rate_limit.TestLoginRateLimit" name="test_login_429_body_and_headers" time="2.218" /><testcase classname="backend.tests.test_rate_limit.TestLoginRateLimit" name="test_login_mix_right_and_wrong_counts_together" time="18.472" /><testcase classname="backend.tests.test_rate_limit.TestXForwardedForIsolation" name="test_different_xff_have_separate_buckets" time="1.283" /><testcase classname="backend.tests.test_rate_limit.TestChangePasswordRateLimit" name="test_change_password_429_after_5" time="2.278" /><testcase classname="backend.tests.test_rate_limit.TestCommentRateLimit" name="test_comment_429_after_30" time="8.516" /><testcase classname="backend.tests.test_rate_limit.TestShareResolveRateLimit" name="test_share_resolve_429_after_120" time="16.616" /><testcase classname="backend.tests.test_rate_limit.TestUnlimitedEndpoints" name="test_get_videos_not_rate_limited" time="5.922" /></testsuite></testsuites>