<?xml version="1.0" encoding="utf-8"?><testsuites name="pytest tests"><testsuite name="pytest" errors="0" failures="0" skipped="0" tests="19" time="3.549" timestamp="2026-04-29T02:49:44.201500+00:00" hostname="agent-env-d5eddf91-bd88-4159-934d-52219fb5eaf5"><testcase classname="backend.tests.test_share.TestCreateShare" name="test_create_basic" time="0.714" /><testcase classname="backend.tests.test_share.TestCreateShare" name="test_create_with_password" time="0.053" /><testcase classname="backend.tests.test_share.TestCreateShare" name="test_create_already_expired" time="0.055" /><testcase classname="backend.tests.test_share.TestCreateShare" name="test_create_invalid_expires" time="0.056" /><testcase classname="backend.tests.test_share.TestCreateShare" name="test_create_nonexistent_video" time="0.054" /><testcase classname="backend.tests.test_share.TestCreateShare" name="test_create_viewer_forbidden" time="0.454" /><testcase classname="backend.tests.test_share.TestListShare" name="test_list_admin" time="0.053" /><testcase classname="backend.tests.test_share.TestListShare" name="test_list_viewer_forbidden" time="0.051" /><testcase classname="backend.tests.test_share.TestResolveShare" name="test_resolve_unprotected" time="0.191" /><testcase classname="backend.tests.test_share.TestResolveShare" name="test_resolve_protected_no_password" time="0.049" /><testcase classname="backend.tests.test_share.TestResolveShare" name="test_resolve_wrong_password" time="0.047" /><testcase classname="backend.tests.test_share.TestResolveShare" name="test_resolve_correct_password" time="0.047" /><testcase classname="backend.tests.test_share.TestResolveShare" name="test_resolve_expired" time="0.048" /><testcase classname="backend.tests.test_share.TestResolveShare" name="test_resolve_nonexistent" time="0.052" /><testcase classname="backend.tests.test_share.TestResolveShare" name="test_view_counter_increments" time="0.652" /><testcase classname="backend.tests.test_share.TestRevokeShare" name="test_viewer_cannot_revoke" time="0.101" /><testcase classname="backend.tests.test_share.TestRevokeShare" name="test_admin_revoke_then_404" time="0.211" /><testcase classname="backend.tests.test_share.TestRevokeShare" name="test_revoke_nonexistent" time="0.057" /><testcase classname="backend.tests.test_share" name="test_resolve_no_auth_header" time="0.518" /></testsuite></testsuites>