<?xml version="1.0" encoding="utf-8"?><testsuites name="pytest tests"><testsuite name="pytest" errors="0" failures="0" skipped="0" tests="16" time="4.341" timestamp="2026-04-29T02:30:36.315174+00:00" hostname="agent-env-d5eddf91-bd88-4159-934d-52219fb5eaf5"><testcase classname="backend.tests.test_comments.TestListVideoComments" name="test_admin_list_returns_shape" time="0.704" /><testcase classname="backend.tests.test_comments.TestListVideoComments" name="test_viewer_can_list" time="0.461" /><testcase classname="backend.tests.test_comments.TestListVideoComments" name="test_list_nonexistent_video_404" time="0.117" /><testcase classname="backend.tests.test_comments.TestCreateComment" name="test_admin_can_post" time="0.251" /><testcase classname="backend.tests.test_comments.TestCreateComment" name="test_viewer_can_post" time="0.166" /><testcase classname="backend.tests.test_comments.TestCreateComment" name="test_whitespace_body_rejected_400" time="0.113" /><testcase classname="backend.tests.test_comments.TestCreateComment" name="test_too_long_body_422" time="0.118" /><testcase classname="backend.tests.test_comments.TestCreateComment" name="test_post_to_nonexistent_video_404" time="0.127" /><testcase classname="backend.tests.test_comments.TestCreateComment" name="test_post_unauth_401" time="0.107" /><testcase classname="backend.tests.test_comments.TestDeleteComment" name="test_viewer_cannot_delete_admin_comment" time="0.350" /><testcase classname="backend.tests.test_comments.TestDeleteComment" name="test_viewer_can_delete_own" time="0.350" /><testcase classname="backend.tests.test_comments.TestDeleteComment" name="test_admin_can_delete_viewer_comment" time="0.223" /><testcase classname="backend.tests.test_comments.TestDeleteComment" name="test_delete_nonexistent_404" time="0.109" /><testcase classname="backend.tests.test_comments.TestAdminModerationList" name="test_admin_list_all_with_titles" time="0.343" /><testcase classname="backend.tests.test_comments.TestAdminModerationList" name="test_viewer_forbidden_on_moderation_list" time="0.107" /><testcase classname="backend.tests.test_comments" name="test_cleanup_test_comments" time="0.627" /></testsuite></testsuites>