<?xml version="1.0" encoding="utf-8"?><testsuites name="pytest tests"><testsuite name="pytest" errors="0" failures="0" skipped="0" tests="14" time="4.394" timestamp="2026-04-29T02:41:32.787023+00:00" hostname="agent-env-d5eddf91-bd88-4159-934d-52219fb5eaf5"><testcase classname="backend.tests.test_captions.TestList" name="test_admin_list_ok" time="0.660" /><testcase classname="backend.tests.test_captions.TestList" name="test_viewer_list_ok" time="0.465" /><testcase classname="backend.tests.test_captions.TestList" name="test_list_nonexistent_video_404" time="0.149" /><testcase classname="backend.tests.test_captions.TestUpload" name="test_upload_vtt_admin_ok" time="0.351" /><testcase classname="backend.tests.test_captions.TestUpload" name="test_upload_srt_auto_converts" time="0.344" /><testcase classname="backend.tests.test_captions.TestUpload" name="test_upload_garbage_400" time="0.103" /><testcase classname="backend.tests.test_captions.TestUpload" name="test_upload_empty_language_400" time="0.113" /><testcase classname="backend.tests.test_captions.TestUpload" name="test_upload_default_unsets_previous" time="0.599" /><testcase classname="backend.tests.test_captions.TestUpload" name="test_upload_viewer_403" time="0.116" /><testcase classname="backend.tests.test_captions.TestPublicFetch" name="test_public_fetch_no_auth" time="0.351" /><testcase classname="backend.tests.test_captions.TestPublicFetch" name="test_public_fetch_nonexistent_404" time="0.107" /><testcase classname="backend.tests.test_captions.TestDelete" name="test_delete_admin_ok_removes_file" time="0.418" /><testcase classname="backend.tests.test_captions.TestDelete" name="test_delete_viewer_403" time="0.327" /><testcase classname="backend.tests.test_captions.TestDelete" name="test_delete_nonexistent_404" time="0.221" /></testsuite></testsuites>