<?xml version="1.0" encoding="utf-8"?><testsuites name="pytest tests"><testsuite name="pytest" errors="0" failures="0" skipped="1" tests="19" time="3.175" timestamp="2026-04-29T02:17:27.355356+00:00" hostname="agent-env-d5eddf91-bd88-4159-934d-52219fb5eaf5"><testcase classname="backend.tests.test_analytics.TestOverview" name="test_admin_can_get_overview" time="0.527" /><testcase classname="backend.tests.test_analytics.TestOverview" name="test_viewer_forbidden" time="0.451" /><testcase classname="backend.tests.test_analytics.TestOverview" name="test_unauthenticated_rejected" time="0.110" /><testcase classname="backend.tests.test_analytics.TestTimeline" name="test_admin_timeline_valid_days[1]" time="0.117" /><testcase classname="backend.tests.test_analytics.TestTimeline" name="test_admin_timeline_valid_days[7]" time="0.146" /><testcase classname="backend.tests.test_analytics.TestTimeline" name="test_admin_timeline_valid_days[30]" time="0.111" /><testcase classname="backend.tests.test_analytics.TestTimeline" name="test_admin_timeline_valid_days[90]" time="0.119" /><testcase classname="backend.tests.test_analytics.TestTimeline" name="test_timeline_days_zero_rejected" time="0.106" /><testcase classname="backend.tests.test_analytics.TestTimeline" name="test_timeline_days_too_large_rejected" time="0.109" /><testcase classname="backend.tests.test_analytics.TestTimeline" name="test_viewer_forbidden" time="0.111" /><testcase classname="backend.tests.test_analytics.TestVideosList" name="test_admin_videos_list_sort[views]" time="0.121" /><testcase classname="backend.tests.test_analytics.TestVideosList" name="test_admin_videos_list_sort[unique]" time="0.123" /><testcase classname="backend.tests.test_analytics.TestVideosList" name="test_admin_videos_list_sort[recent]" time="0.115" /><testcase classname="backend.tests.test_analytics.TestVideosList" name="test_videos_invalid_sort_falls_back" time="0.118" /><testcase classname="backend.tests.test_analytics.TestVideosList" name="test_viewer_forbidden" time="0.122" /><testcase classname="backend.tests.test_analytics.TestSingleVideoStats" name="test_admin_single_video" time="0.213" /><testcase classname="backend.tests.test_analytics.TestSingleVideoStats" name="test_viewer_can_see_single_video" time="0.140" /><testcase classname="backend.tests.test_analytics.TestSingleVideoStats" name="test_nonexistent_video_returns_404" time="0.136" /><testcase classname="backend.tests.test_analytics.TestViewTracking" name="test_playlist_records_view_and_dedupes" time="0.112"><skipped type="pytest.skip" message="No ready videos with HLS available">/app/backend/tests/test_analytics.py:185: No ready videos with HLS available</skipped></testcase></testsuite></testsuites>